[debug] [2025-09-17T04:43:00.716Z] Checked if tokens are valid: false, expires at: 1758075986245
[debug] [2025-09-17T04:43:00.718Z] Checked if tokens are valid: false, expires at: 1758075986245
[debug] [2025-09-17T04:43:00.718Z] > refreshing access token with scopes: []
[debug] [2025-09-17T04:43:00.719Z] >>> [apiv2][query] POST https://www.googleapis.com/oauth2/v3/token [none]
[debug] [2025-09-17T04:43:00.719Z] >>> [apiv2][body] POST https://www.googleapis.com/oauth2/v3/token [omitted]
[debug] [2025-09-17T04:43:00.737Z] Checked if tokens are valid: false, expires at: 1758075986245
[debug] [2025-09-17T04:43:00.737Z] Checked if tokens are valid: false, expires at: 1758075986245
[debug] [2025-09-17T04:43:00.737Z] > refreshing access token with scopes: []
[debug] [2025-09-17T04:43:00.737Z] >>> [apiv2][query] POST https://www.googleapis.com/oauth2/v3/token [none]
[debug] [2025-09-17T04:43:00.737Z] >>> [apiv2][body] POST https://www.googleapis.com/oauth2/v3/token [omitted]
[debug] [2025-09-17T04:43:00.739Z] Checked if tokens are valid: false, expires at: 1758075986245
[debug] [2025-09-17T04:43:00.739Z] Checked if tokens are valid: false, expires at: 1758075986245
[debug] [2025-09-17T04:43:00.739Z] > refreshing access token with scopes: []
[debug] [2025-09-17T04:43:00.739Z] >>> [apiv2][query] POST https://www.googleapis.com/oauth2/v3/token [none]
[debug] [2025-09-17T04:43:00.739Z] >>> [apiv2][body] POST https://www.googleapis.com/oauth2/v3/token [omitted]
[debug] [2025-09-17T04:43:00.739Z] Checked if tokens are valid: false, expires at: 1758075986245
[debug] [2025-09-17T04:43:00.739Z] Checked if tokens are valid: false, expires at: 1758075986245
[debug] [2025-09-17T04:43:00.739Z] > refreshing access token with scopes: []
[debug] [2025-09-17T04:43:00.739Z] >>> [apiv2][query] POST https://www.googleapis.com/oauth2/v3/token [none]
[debug] [2025-09-17T04:43:00.739Z] >>> [apiv2][body] POST https://www.googleapis.com/oauth2/v3/token [omitted]
[debug] [2025-09-17T04:43:00.740Z] Checked if tokens are valid: false, expires at: 1758075986245
[debug] [2025-09-17T04:43:00.740Z] Checked if tokens are valid: false, expires at: 1758075986245
[debug] [2025-09-17T04:43:00.740Z] > refreshing access token with scopes: []
[debug] [2025-09-17T04:43:00.740Z] >>> [apiv2][query] POST https://www.googleapis.com/oauth2/v3/token [none]
[debug] [2025-09-17T04:43:00.740Z] >>> [apiv2][body] POST https://www.googleapis.com/oauth2/v3/token [omitted]
[debug] [2025-09-17T04:43:00.777Z] Checked if tokens are valid: false, expires at: 1758075986245
[debug] [2025-09-17T04:43:00.777Z] Checked if tokens are valid: false, expires at: 1758075986245
[debug] [2025-09-17T04:43:00.777Z] > refreshing access token with scopes: []
[debug] [2025-09-17T04:43:00.777Z] >>> [apiv2][query] POST https://www.googleapis.com/oauth2/v3/token [none]
[debug] [2025-09-17T04:43:00.777Z] >>> [apiv2][body] POST https://www.googleapis.com/oauth2/v3/token [omitted]
[debug] [2025-09-17T04:43:00.778Z] Checked if tokens are valid: false, expires at: 1758075986245
[debug] [2025-09-17T04:43:00.778Z] Checked if tokens are valid: false, expires at: 1758075986245
[debug] [2025-09-17T04:43:00.778Z] > refreshing access token with scopes: []
[debug] [2025-09-17T04:43:00.778Z] >>> [apiv2][query] POST https://www.googleapis.com/oauth2/v3/token [none]
[debug] [2025-09-17T04:43:00.778Z] >>> [apiv2][body] POST https://www.googleapis.com/oauth2/v3/token [omitted]
[debug] [2025-09-17T04:43:00.779Z] Checked if tokens are valid: false, expires at: 1758075986245
[debug] [2025-09-17T04:43:00.779Z] Checked if tokens are valid: false, expires at: 1758075986245
[debug] [2025-09-17T04:43:00.779Z] > refreshing access token with scopes: []
[debug] [2025-09-17T04:43:00.780Z] >>> [apiv2][query] POST https://www.googleapis.com/oauth2/v3/token [none]
[debug] [2025-09-17T04:43:00.780Z] >>> [apiv2][body] POST https://www.googleapis.com/oauth2/v3/token [omitted]
[debug] [2025-09-17T04:43:00.782Z] Checked if tokens are valid: false, expires at: 1758075986245
[debug] [2025-09-17T04:43:00.782Z] Checked if tokens are valid: false, expires at: 1758075986245
[debug] [2025-09-17T04:43:00.782Z] > refreshing access token with scopes: []
[debug] [2025-09-17T04:43:00.782Z] >>> [apiv2][query] POST https://www.googleapis.com/oauth2/v3/token [none]
[debug] [2025-09-17T04:43:00.782Z] >>> [apiv2][body] POST https://www.googleapis.com/oauth2/v3/token [omitted]
[debug] [2025-09-17T04:43:00.783Z] Checked if tokens are valid: false, expires at: 1758075986245
[debug] [2025-09-17T04:43:00.783Z] Checked if tokens are valid: false, expires at: 1758075986245
[debug] [2025-09-17T04:43:00.783Z] > refreshing access token with scopes: []
[debug] [2025-09-17T04:43:00.783Z] >>> [apiv2][query] POST https://www.googleapis.com/oauth2/v3/token [none]
[debug] [2025-09-17T04:43:00.783Z] >>> [apiv2][body] POST https://www.googleapis.com/oauth2/v3/token [omitted]
[debug] [2025-09-17T04:43:00.785Z] Checked if tokens are valid: false, expires at: 1758075986245
[debug] [2025-09-17T04:43:00.786Z] Checked if tokens are valid: false, expires at: 1758075986245
[debug] [2025-09-17T04:43:00.786Z] > refreshing access token with scopes: []
[debug] [2025-09-17T04:43:00.787Z] >>> [apiv2][query] POST https://www.googleapis.com/oauth2/v3/token [none]
[debug] [2025-09-17T04:43:00.787Z] >>> [apiv2][body] POST https://www.googleapis.com/oauth2/v3/token [omitted]
[debug] [2025-09-17T04:43:00.788Z] Checked if tokens are valid: false, expires at: 1758075986245
[debug] [2025-09-17T04:43:00.788Z] Checked if tokens are valid: false, expires at: 1758075986245
[debug] [2025-09-17T04:43:00.788Z] > refreshing access token with scopes: []
[debug] [2025-09-17T04:43:00.788Z] >>> [apiv2][query] POST https://www.googleapis.com/oauth2/v3/token [none]
[debug] [2025-09-17T04:43:00.788Z] >>> [apiv2][body] POST https://www.googleapis.com/oauth2/v3/token [omitted]
[debug] [2025-09-17T04:43:00.789Z] Checked if tokens are valid: false, expires at: 1758075986245
[debug] [2025-09-17T04:43:00.789Z] Checked if tokens are valid: false, expires at: 1758075986245
[debug] [2025-09-17T04:43:00.789Z] > refreshing access token with scopes: []
[debug] [2025-09-17T04:43:00.789Z] >>> [apiv2][query] POST https://www.googleapis.com/oauth2/v3/token [none]
[debug] [2025-09-17T04:43:00.789Z] >>> [apiv2][body] POST https://www.googleapis.com/oauth2/v3/token [omitted]
[debug] [2025-09-17T04:43:00.789Z] Checked if tokens are valid: false, expires at: 1758075986245
[debug] [2025-09-17T04:43:00.789Z] Checked if tokens are valid: false, expires at: 1758075986245
[debug] [2025-09-17T04:43:00.789Z] > refreshing access token with scopes: []
[debug] [2025-09-17T04:43:00.789Z] >>> [apiv2][query] POST https://www.googleapis.com/oauth2/v3/token [none]
[debug] [2025-09-17T04:43:00.789Z] >>> [apiv2][body] POST https://www.googleapis.com/oauth2/v3/token [omitted]
[debug] [2025-09-17T04:43:00.790Z] Checked if tokens are valid: false, expires at: 1758075986245
[debug] [2025-09-17T04:43:00.790Z] Checked if tokens are valid: false, expires at: 1758075986245
[debug] [2025-09-17T04:43:00.790Z] > refreshing access token with scopes: []
[debug] [2025-09-17T04:43:00.790Z] >>> [apiv2][query] POST https://www.googleapis.com/oauth2/v3/token [none]
[debug] [2025-09-17T04:43:00.790Z] >>> [apiv2][body] POST https://www.googleapis.com/oauth2/v3/token [omitted]
[debug] [2025-09-17T04:43:00.904Z] <<< [apiv2][status] POST https://www.googleapis.com/oauth2/v3/token 200
[debug] [2025-09-17T04:43:00.904Z] <<< [apiv2][body] POST https://www.googleapis.com/oauth2/v3/token [omitted]
[debug] [2025-09-17T04:43:00.915Z] >>> [apiv2][query] GET https://serviceusage.googleapis.com/v1/projects/promptbase-d2908/services/firebasecrashlytics.googleapis.com [none]
[debug] [2025-09-17T04:43:00.915Z] >>> [apiv2][(partial)header] GET https://serviceusage.googleapis.com/v1/projects/promptbase-d2908/services/firebasecrashlytics.googleapis.com x-goog-quota-user=projects/promptbase-d2908
[debug] [2025-09-17T04:43:00.920Z] <<< [apiv2][status] POST https://www.googleapis.com/oauth2/v3/token 200
[debug] [2025-09-17T04:43:00.920Z] <<< [apiv2][body] POST https://www.googleapis.com/oauth2/v3/token [omitted]
[debug] [2025-09-17T04:43:00.927Z] >>> [apiv2][query] GET https://serviceusage.googleapis.com/v1/projects/promptbase-d2908/services/firebaseapphosting.googleapis.com [none]
[debug] [2025-09-17T04:43:00.927Z] >>> [apiv2][(partial)header] GET https://serviceusage.googleapis.com/v1/projects/promptbase-d2908/services/firebaseapphosting.googleapis.com x-goog-quota-user=projects/promptbase-d2908
[debug] [2025-09-17T04:43:00.929Z] <<< [apiv2][status] POST https://www.googleapis.com/oauth2/v3/token 200
[debug] [2025-09-17T04:43:00.929Z] <<< [apiv2][body] POST https://www.googleapis.com/oauth2/v3/token [omitted]
[debug] [2025-09-17T04:43:00.937Z] >>> [apiv2][query] GET https://serviceusage.googleapis.com/v1/projects/promptbase-d2908/services/ [none]
[debug] [2025-09-17T04:43:00.937Z] >>> [apiv2][(partial)header] GET https://serviceusage.googleapis.com/v1/projects/promptbase-d2908/services/ x-goog-quota-user=projects/promptbase-d2908
[debug] [2025-09-17T04:43:00.938Z] <<< [apiv2][status] POST https://www.googleapis.com/oauth2/v3/token 200
[debug] [2025-09-17T04:43:00.938Z] <<< [apiv2][body] POST https://www.googleapis.com/oauth2/v3/token [omitted]
[debug] [2025-09-17T04:43:00.945Z] >>> [apiv2][query] GET https://serviceusage.googleapis.com/v1/projects/promptbase-d2908/services/firebaseio.com [none]
[debug] [2025-09-17T04:43:00.945Z] >>> [apiv2][(partial)header] GET https://serviceusage.googleapis.com/v1/projects/promptbase-d2908/services/firebaseio.com x-goog-quota-user=projects/promptbase-d2908
[debug] [2025-09-17T04:43:00.946Z] <<< [apiv2][status] POST https://www.googleapis.com/oauth2/v3/token 200
[debug] [2025-09-17T04:43:00.946Z] <<< [apiv2][body] POST https://www.googleapis.com/oauth2/v3/token [omitted]
[debug] [2025-09-17T04:43:00.954Z] >>> [apiv2][query] GET https://serviceusage.googleapis.com/v1/projects/promptbase-d2908/services/ [none]
[debug] [2025-09-17T04:43:00.954Z] >>> [apiv2][(partial)header] GET https://serviceusage.googleapis.com/v1/projects/promptbase-d2908/services/ x-goog-quota-user=projects/promptbase-d2908
[debug] [2025-09-17T04:43:00.955Z] <<< [apiv2][status] POST https://www.googleapis.com/oauth2/v3/token 200
[debug] [2025-09-17T04:43:00.955Z] <<< [apiv2][body] POST https://www.googleapis.com/oauth2/v3/token [omitted]
[debug] [2025-09-17T04:43:00.962Z] >>> [apiv2][query] GET https://serviceusage.googleapis.com/v1/projects/promptbase-d2908/services/firebaseio.com [none]
[debug] [2025-09-17T04:43:00.962Z] >>> [apiv2][(partial)header] GET https://serviceusage.googleapis.com/v1/projects/promptbase-d2908/services/firebaseio.com x-goog-quota-user=projects/promptbase-d2908
[debug] [2025-09-17T04:43:00.963Z] <<< [apiv2][status] POST https://www.googleapis.com/oauth2/v3/token 200
[debug] [2025-09-17T04:43:00.963Z] <<< [apiv2][body] POST https://www.googleapis.com/oauth2/v3/token [omitted]
[debug] [2025-09-17T04:43:00.970Z] >>> [apiv2][query] GET https://serviceusage.googleapis.com/v1/projects/promptbase-d2908/services/firebasedataconnect.googleapis.com [none]
[debug] [2025-09-17T04:43:00.970Z] >>> [apiv2][(partial)header] GET https://serviceusage.googleapis.com/v1/projects/promptbase-d2908/services/firebasedataconnect.googleapis.com x-goog-quota-user=projects/promptbase-d2908
[debug] [2025-09-17T04:43:00.971Z] <<< [apiv2][status] POST https://www.googleapis.com/oauth2/v3/token 200
[debug] [2025-09-17T04:43:00.971Z] <<< [apiv2][body] POST https://www.googleapis.com/oauth2/v3/token [omitted]
[debug] [2025-09-17T04:43:00.977Z] >>> [apiv2][query] GET https://serviceusage.googleapis.com/v1/projects/promptbase-d2908/services/ [none]
[debug] [2025-09-17T04:43:00.977Z] >>> [apiv2][(partial)header] GET https://serviceusage.googleapis.com/v1/projects/promptbase-d2908/services/ x-goog-quota-user=projects/promptbase-d2908
[debug] [2025-09-17T04:43:00.978Z] <<< [apiv2][status] POST https://www.googleapis.com/oauth2/v3/token 200
[debug] [2025-09-17T04:43:00.978Z] <<< [apiv2][body] POST https://www.googleapis.com/oauth2/v3/token [omitted]
[debug] [2025-09-17T04:43:00.985Z] >>> [apiv2][query] GET https://serviceusage.googleapis.com/v1/projects/promptbase-d2908/services/firebasedataconnect.googleapis.com [none]
[debug] [2025-09-17T04:43:00.985Z] >>> [apiv2][(partial)header] GET https://serviceusage.googleapis.com/v1/projects/promptbase-d2908/services/firebasedataconnect.googleapis.com x-goog-quota-user=projects/promptbase-d2908
[debug] [2025-09-17T04:43:00.985Z] <<< [apiv2][status] POST https://www.googleapis.com/oauth2/v3/token 200
[debug] [2025-09-17T04:43:00.985Z] <<< [apiv2][body] POST https://www.googleapis.com/oauth2/v3/token [omitted]
[debug] [2025-09-17T04:43:00.993Z] >>> [apiv2][query] GET https://serviceusage.googleapis.com/v1/projects/promptbase-d2908/services/firebaseapphosting.googleapis.com [none]
[debug] [2025-09-17T04:43:00.994Z] >>> [apiv2][(partial)header] GET https://serviceusage.googleapis.com/v1/projects/promptbase-d2908/services/firebaseapphosting.googleapis.com x-goog-quota-user=projects/promptbase-d2908
[debug] [2025-09-17T04:43:00.994Z] <<< [apiv2][status] POST https://www.googleapis.com/oauth2/v3/token 200
[debug] [2025-09-17T04:43:00.994Z] <<< [apiv2][body] POST https://www.googleapis.com/oauth2/v3/token [omitted]
[debug] [2025-09-17T04:43:01.002Z] >>> [apiv2][query] GET https://serviceusage.googleapis.com/v1/projects/promptbase-d2908/services/firebaseapphosting.googleapis.com [none]
[debug] [2025-09-17T04:43:01.002Z] >>> [apiv2][(partial)header] GET https://serviceusage.googleapis.com/v1/projects/promptbase-d2908/services/firebaseapphosting.googleapis.com x-goog-quota-user=projects/promptbase-d2908
[debug] [2025-09-17T04:43:01.007Z] <<< [apiv2][status] POST https://www.googleapis.com/oauth2/v3/token 200
[debug] [2025-09-17T04:43:01.007Z] <<< [apiv2][body] POST https://www.googleapis.com/oauth2/v3/token [omitted]
[debug] [2025-09-17T04:43:01.014Z] >>> [apiv2][query] GET https://serviceusage.googleapis.com/v1/projects/promptbase-d2908/services/firebasecrashlytics.googleapis.com [none]
[debug] [2025-09-17T04:43:01.014Z] >>> [apiv2][(partial)header] GET https://serviceusage.googleapis.com/v1/projects/promptbase-d2908/services/firebasecrashlytics.googleapis.com x-goog-quota-user=projects/promptbase-d2908
[debug] [2025-09-17T04:43:01.015Z] <<< [apiv2][status] POST https://www.googleapis.com/oauth2/v3/token 200
[debug] [2025-09-17T04:43:01.015Z] <<< [apiv2][body] POST https://www.googleapis.com/oauth2/v3/token [omitted]
[debug] [2025-09-17T04:43:01.023Z] >>> [apiv2][query] GET https://serviceusage.googleapis.com/v1/projects/promptbase-d2908/services/firebaseio.com [none]
[debug] [2025-09-17T04:43:01.023Z] >>> [apiv2][(partial)header] GET https://serviceusage.googleapis.com/v1/projects/promptbase-d2908/services/firebaseio.com x-goog-quota-user=projects/promptbase-d2908
[debug] [2025-09-17T04:43:01.024Z] <<< [apiv2][status] POST https://www.googleapis.com/oauth2/v3/token 200
[debug] [2025-09-17T04:43:01.024Z] <<< [apiv2][body] POST https://www.googleapis.com/oauth2/v3/token [omitted]
[debug] [2025-09-17T04:43:01.030Z] >>> [apiv2][query] GET https://serviceusage.googleapis.com/v1/projects/promptbase-d2908/services/firebasedataconnect.googleapis.com [none]
[debug] [2025-09-17T04:43:01.031Z] >>> [apiv2][(partial)header] GET https://serviceusage.googleapis.com/v1/projects/promptbase-d2908/services/firebasedataconnect.googleapis.com x-goog-quota-user=projects/promptbase-d2908
[debug] [2025-09-17T04:43:01.034Z] <<< [apiv2][status] POST https://www.googleapis.com/oauth2/v3/token 200
[debug] [2025-09-17T04:43:01.034Z] <<< [apiv2][body] POST https://www.googleapis.com/oauth2/v3/token [omitted]
[debug] [2025-09-17T04:43:01.041Z] >>> [apiv2][query] GET https://serviceusage.googleapis.com/v1/projects/promptbase-d2908/services/firebasecrashlytics.googleapis.com [none]
[debug] [2025-09-17T04:43:01.041Z] >>> [apiv2][(partial)header] GET https://serviceusage.googleapis.com/v1/projects/promptbase-d2908/services/firebasecrashlytics.googleapis.com x-goog-quota-user=projects/promptbase-d2908
[debug] [2025-09-17T04:43:02.708Z] <<< [apiv2][status] GET https://serviceusage.googleapis.com/v1/projects/promptbase-d2908/services/firebaseio.com 403
[debug] [2025-09-17T04:43:02.708Z] <<< [apiv2][body] GET https://serviceusage.googleapis.com/v1/projects/promptbase-d2908/services/firebaseio.com [omitted]
[debug] [2025-09-17T04:43:02.725Z] <<< [apiv2][status] GET https://serviceusage.googleapis.com/v1/projects/promptbase-d2908/services/firebaseio.com 403
[debug] [2025-09-17T04:43:02.726Z] <<< [apiv2][body] GET https://serviceusage.googleapis.com/v1/projects/promptbase-d2908/services/firebaseio.com [omitted]
[debug] [2025-09-17T04:43:02.765Z] <<< [apiv2][status] GET https://serviceusage.googleapis.com/v1/projects/promptbase-d2908/services/firebasecrashlytics.googleapis.com 200
[debug] [2025-09-17T04:43:02.765Z] <<< [apiv2][body] GET https://serviceusage.googleapis.com/v1/projects/promptbase-d2908/services/firebasecrashlytics.googleapis.com [omitted]
[debug] [2025-09-17T04:43:02.766Z] <<< [apiv2][status] GET https://serviceusage.googleapis.com/v1/projects/promptbase-d2908/services/firebaseapphosting.googleapis.com 200
[debug] [2025-09-17T04:43:02.766Z] <<< [apiv2][body] GET https://serviceusage.googleapis.com/v1/projects/promptbase-d2908/services/firebaseapphosting.googleapis.com [omitted]
[debug] [2025-09-17T04:43:02.774Z] <<< [apiv2][status] GET https://serviceusage.googleapis.com/v1/projects/promptbase-d2908/services/firebaseio.com 403
[debug] [2025-09-17T04:43:02.774Z] <<< [apiv2][body] GET https://serviceusage.googleapis.com/v1/projects/promptbase-d2908/services/firebaseio.com [omitted]
[debug] [2025-09-17T04:43:02.789Z] <<< [apiv2][status] GET https://serviceusage.googleapis.com/v1/projects/promptbase-d2908/services/firebasecrashlytics.googleapis.com 200
[debug] [2025-09-17T04:43:02.789Z] <<< [apiv2][body] GET https://serviceusage.googleapis.com/v1/projects/promptbase-d2908/services/firebasecrashlytics.googleapis.com [omitted]
[debug] [2025-09-17T04:43:02.789Z] <<< [apiv2][status] GET https://serviceusage.googleapis.com/v1/projects/promptbase-d2908/services/firebasedataconnect.googleapis.com 200
[debug] [2025-09-17T04:43:02.789Z] <<< [apiv2][body] GET https://serviceusage.googleapis.com/v1/projects/promptbase-d2908/services/firebasedataconnect.googleapis.com [omitted]
[debug] [2025-09-17T04:43:02.793Z] <<< [apiv2][status] GET https://serviceusage.googleapis.com/v1/projects/promptbase-d2908/services/firebaseapphosting.googleapis.com 200
[debug] [2025-09-17T04:43:02.793Z] <<< [apiv2][body] GET https://serviceusage.googleapis.com/v1/projects/promptbase-d2908/services/firebaseapphosting.googleapis.com [omitted]
[debug] [2025-09-17T04:43:02.793Z] <<< [apiv2][status] GET https://serviceusage.googleapis.com/v1/projects/promptbase-d2908/services/firebaseapphosting.googleapis.com 200
[debug] [2025-09-17T04:43:02.794Z] <<< [apiv2][body] GET https://serviceusage.googleapis.com/v1/projects/promptbase-d2908/services/firebaseapphosting.googleapis.com [omitted]
[debug] [2025-09-17T04:43:02.810Z] <<< [apiv2][status] GET https://serviceusage.googleapis.com/v1/projects/promptbase-d2908/services/firebasecrashlytics.googleapis.com 200
[debug] [2025-09-17T04:43:02.810Z] <<< [apiv2][body] GET https://serviceusage.googleapis.com/v1/projects/promptbase-d2908/services/firebasecrashlytics.googleapis.com [omitted]
[debug] [2025-09-17T04:43:02.814Z] <<< [apiv2][status] GET https://serviceusage.googleapis.com/v1/projects/promptbase-d2908/services/firebasedataconnect.googleapis.com 200
[debug] [2025-09-17T04:43:02.814Z] <<< [apiv2][body] GET https://serviceusage.googleapis.com/v1/projects/promptbase-d2908/services/firebasedataconnect.googleapis.com [omitted]
[debug] [2025-09-17T04:43:02.818Z] <<< [apiv2][status] GET https://serviceusage.googleapis.com/v1/projects/promptbase-d2908/services/firebasedataconnect.googleapis.com 200
[debug] [2025-09-17T04:43:02.818Z] <<< [apiv2][body] GET https://serviceusage.googleapis.com/v1/projects/promptbase-d2908/services/firebasedataconnect.googleapis.com [omitted]
[debug] [2025-09-17T04:43:03.088Z] <<< [apiv2][status] GET https://serviceusage.googleapis.com/v1/projects/promptbase-d2908/services/ 200
[debug] [2025-09-17T04:43:03.088Z] <<< [apiv2][body] GET https://serviceusage.googleapis.com/v1/projects/promptbase-d2908/services/ [omitted]
[debug] [2025-09-17T04:43:03.101Z] > command requires scopes: ["email","openid","https://www.googleapis.com/auth/cloudplatformprojects.readonly","https://www.googleapis.com/auth/firebase","https://www.googleapis.com/auth/cloud-platform"]
[debug] [2025-09-17T04:43:03.101Z] > authorizing via signed-in user (quadgraphics2021@gmail.com)
[debug] [2025-09-17T04:43:03.121Z] <<< [apiv2][status] GET https://serviceusage.googleapis.com/v1/projects/promptbase-d2908/services/ 200
[debug] [2025-09-17T04:43:03.121Z] <<< [apiv2][body] GET https://serviceusage.googleapis.com/v1/projects/promptbase-d2908/services/ [omitted]
[debug] [2025-09-17T04:43:03.123Z] <<< [apiv2][status] GET https://serviceusage.googleapis.com/v1/projects/promptbase-d2908/services/ 200
[debug] [2025-09-17T04:43:03.123Z] <<< [apiv2][body] GET https://serviceusage.googleapis.com/v1/projects/promptbase-d2908/services/ [omitted]
[debug] [2025-09-17T04:43:03.127Z] > command requires scopes: ["email","openid","https://www.googleapis.com/auth/cloudplatformprojects.readonly","https://www.googleapis.com/auth/firebase","https://www.googleapis.com/auth/cloud-platform"]
[debug] [2025-09-17T04:43:03.128Z] > authorizing via signed-in user (quadgraphics2021@gmail.com)
[debug] [2025-09-17T06:30:04.147Z] Checked if tokens are valid: false, expires at: 1758090628318
[debug] [2025-09-17T06:30:04.148Z] Checked if tokens are valid: false, expires at: 1758090628318
[debug] [2025-09-17T06:30:04.148Z] > refreshing access token with scopes: []
[debug] [2025-09-17T06:30:04.149Z] >>> [apiv2][query] POST https://www.googleapis.com/oauth2/v3/token [none]
[debug] [2025-09-17T06:30:04.149Z] >>> [apiv2][body] POST https://www.googleapis.com/oauth2/v3/token [omitted]
[debug] [2025-09-17T06:30:04.166Z] Checked if tokens are valid: false, expires at: 1758090628318
[debug] [2025-09-17T06:30:04.166Z] Checked if tokens are valid: false, expires at: 1758090628318
[debug] [2025-09-17T06:30:04.166Z] > refreshing access token with scopes: []
[debug] [2025-09-17T06:30:04.166Z] >>> [apiv2][query] POST https://www.googleapis.com/oauth2/v3/token [none]
[debug] [2025-09-17T06:30:04.167Z] >>> [apiv2][body] POST https://www.googleapis.com/oauth2/v3/token [omitted]
[debug] [2025-09-17T06:30:04.167Z] Checked if tokens are valid: false, expires at: 1758090628318
[debug] [2025-09-17T06:30:04.167Z] Checked if tokens are valid: false, expires at: 1758090628318
[debug] [2025-09-17T06:30:04.168Z] > refreshing access token with scopes: []
[debug] [2025-09-17T06:30:04.168Z] >>> [apiv2][query] POST https://www.googleapis.com/oauth2/v3/token [none]
[debug] [2025-09-17T06:30:04.168Z] >>> [apiv2][body] POST https://www.googleapis.com/oauth2/v3/token [omitted]
[debug] [2025-09-17T06:30:04.168Z] Checked if tokens are valid: false, expires at: 1758090628318
[debug] [2025-09-17T06:30:04.168Z] Checked if tokens are valid: false, expires at: 1758090628318
[debug] [2025-09-17T06:30:04.168Z] > refreshing access token with scopes: []
[debug] [2025-09-17T06:30:04.168Z] >>> [apiv2][query] POST https://www.googleapis.com/oauth2/v3/token [none]
[debug] [2025-09-17T06:30:04.168Z] >>> [apiv2][body] POST https://www.googleapis.com/oauth2/v3/token [omitted]
[debug] [2025-09-17T06:30:04.168Z] Checked if tokens are valid: false, expires at: 1758090628318
[debug] [2025-09-17T06:30:04.169Z] Checked if tokens are valid: false, expires at: 1758090628318
[debug] [2025-09-17T06:30:04.169Z] > refreshing access token with scopes: []
[debug] [2025-09-17T06:30:04.169Z] >>> [apiv2][query] POST https://www.googleapis.com/oauth2/v3/token [none]
[debug] [2025-09-17T06:30:04.169Z] >>> [apiv2][body] POST https://www.googleapis.com/oauth2/v3/token [omitted]
[debug] [2025-09-17T06:30:04.182Z] Checked if tokens are valid: false, expires at: 1758090628318
[debug] [2025-09-17T06:30:04.182Z] Checked if tokens are valid: false, expires at: 1758090628318
[debug] [2025-09-17T06:30:04.182Z] > refreshing access token with scopes: []
[debug] [2025-09-17T06:30:04.182Z] >>> [apiv2][query] POST https://www.googleapis.com/oauth2/v3/token [none]
[debug] [2025-09-17T06:30:04.182Z] >>> [apiv2][body] POST https://www.googleapis.com/oauth2/v3/token [omitted]
[debug] [2025-09-17T06:30:04.183Z] Checked if tokens are valid: false, expires at: 1758090628318
[debug] [2025-09-17T06:30:04.183Z] Checked if tokens are valid: false, expires at: 1758090628318
[debug] [2025-09-17T06:30:04.183Z] > refreshing access token with scopes: []
[debug] [2025-09-17T06:30:04.183Z] >>> [apiv2][query] POST https://www.googleapis.com/oauth2/v3/token [none]
[debug] [2025-09-17T06:30:04.183Z] >>> [apiv2][body] POST https://www.googleapis.com/oauth2/v3/token [omitted]
[debug] [2025-09-17T06:30:04.183Z] Checked if tokens are valid: false, expires at: 1758090628318
[debug] [2025-09-17T06:30:04.183Z] Checked if tokens are valid: false, expires at: 1758090628318
[debug] [2025-09-17T06:30:04.183Z] > refreshing access token with scopes: []
[debug] [2025-09-17T06:30:04.183Z] >>> [apiv2][query] POST https://www.googleapis.com/oauth2/v3/token [none]
[debug] [2025-09-17T06:30:04.183Z] >>> [apiv2][body] POST https://www.googleapis.com/oauth2/v3/token [omitted]
[debug] [2025-09-17T06:30:04.184Z] Checked if tokens are valid: false, expires at: 1758090628318
[debug] [2025-09-17T06:30:04.184Z] Checked if tokens are valid: false, expires at: 1758090628318
[debug] [2025-09-17T06:30:04.184Z] > refreshing access token with scopes: []
[debug] [2025-09-17T06:30:04.184Z] >>> [apiv2][query] POST https://www.googleapis.com/oauth2/v3/token [none]
[debug] [2025-09-17T06:30:04.184Z] >>> [apiv2][body] POST https://www.googleapis.com/oauth2/v3/token [omitted]
[debug] [2025-09-17T06:30:04.185Z] Checked if tokens are valid: false, expires at: 1758090628318
[debug] [2025-09-17T06:30:04.185Z] Checked if tokens are valid: false, expires at: 1758090628318
[debug] [2025-09-17T06:30:04.185Z] > refreshing access token with scopes: []
[debug] [2025-09-17T06:30:04.185Z] >>> [apiv2][query] POST https://www.googleapis.com/oauth2/v3/token [none]
[debug] [2025-09-17T06:30:04.185Z] >>> [apiv2][body] POST https://www.googleapis.com/oauth2/v3/token [omitted]
[debug] [2025-09-17T06:30:04.310Z] <<< [apiv2][status] POST https://www.googleapis.com/oauth2/v3/token 200
[debug] [2025-09-17T06:30:04.310Z] <<< [apiv2][body] POST https://www.googleapis.com/oauth2/v3/token [omitted]
[debug] [2025-09-17T06:30:04.321Z] >>> [apiv2][query] GET https://serviceusage.googleapis.com/v1/projects/promptbase-d2908/services/firebasedataconnect.googleapis.com [none]
[debug] [2025-09-17T06:30:04.321Z] >>> [apiv2][(partial)header] GET https://serviceusage.googleapis.com/v1/projects/promptbase-d2908/services/firebasedataconnect.googleapis.com x-goog-quota-user=projects/promptbase-d2908
[debug] [2025-09-17T06:30:04.324Z] <<< [apiv2][status] POST https://www.googleapis.com/oauth2/v3/token 200
[debug] [2025-09-17T06:30:04.324Z] <<< [apiv2][body] POST https://www.googleapis.com/oauth2/v3/token [omitted]
[debug] [2025-09-17T06:30:04.332Z] >>> [apiv2][query] GET https://serviceusage.googleapis.com/v1/projects/promptbase-d2908/services/firebaseapphosting.googleapis.com [none]
[debug] [2025-09-17T06:30:04.332Z] >>> [apiv2][(partial)header] GET https://serviceusage.googleapis.com/v1/projects/promptbase-d2908/services/firebaseapphosting.googleapis.com x-goog-quota-user=projects/promptbase-d2908
[debug] [2025-09-17T06:30:04.333Z] <<< [apiv2][status] POST https://www.googleapis.com/oauth2/v3/token 200
[debug] [2025-09-17T06:30:04.333Z] <<< [apiv2][body] POST https://www.googleapis.com/oauth2/v3/token [omitted]
[debug] [2025-09-17T06:30:04.343Z] >>> [apiv2][query] GET https://serviceusage.googleapis.com/v1/projects/promptbase-d2908/services/firebasecrashlytics.googleapis.com [none]
[debug] [2025-09-17T06:30:04.343Z] >>> [apiv2][(partial)header] GET https://serviceusage.googleapis.com/v1/projects/promptbase-d2908/services/firebasecrashlytics.googleapis.com x-goog-quota-user=projects/promptbase-d2908
[debug] [2025-09-17T06:30:04.344Z] <<< [apiv2][status] POST https://www.googleapis.com/oauth2/v3/token 200
[debug] [2025-09-17T06:30:04.344Z] <<< [apiv2][body] POST https://www.googleapis.com/oauth2/v3/token [omitted]
[debug] [2025-09-17T06:30:04.354Z] >>> [apiv2][query] GET https://serviceusage.googleapis.com/v1/projects/promptbase-d2908/services/firebaseio.com [none]
[debug] [2025-09-17T06:30:04.354Z] >>> [apiv2][(partial)header] GET https://serviceusage.googleapis.com/v1/projects/promptbase-d2908/services/firebaseio.com x-goog-quota-user=projects/promptbase-d2908
[debug] [2025-09-17T06:30:04.355Z] <<< [apiv2][status] POST https://www.googleapis.com/oauth2/v3/token 200
[debug] [2025-09-17T06:30:04.355Z] <<< [apiv2][body] POST https://www.googleapis.com/oauth2/v3/token [omitted]
[debug] [2025-09-17T06:30:04.365Z] >>> [apiv2][query] GET https://serviceusage.googleapis.com/v1/projects/promptbase-d2908/services/firebasedataconnect.googleapis.com [none]
[debug] [2025-09-17T06:30:04.365Z] >>> [apiv2][(partial)header] GET https://serviceusage.googleapis.com/v1/projects/promptbase-d2908/services/firebasedataconnect.googleapis.com x-goog-quota-user=projects/promptbase-d2908
[debug] [2025-09-17T06:30:04.367Z] <<< [apiv2][status] POST https://www.googleapis.com/oauth2/v3/token 200
[debug] [2025-09-17T06:30:04.367Z] <<< [apiv2][body] POST https://www.googleapis.com/oauth2/v3/token [omitted]
[debug] [2025-09-17T06:30:04.375Z] >>> [apiv2][query] GET https://serviceusage.googleapis.com/v1/projects/promptbase-d2908/services/ [none]
[debug] [2025-09-17T06:30:04.375Z] >>> [apiv2][(partial)header] GET https://serviceusage.googleapis.com/v1/projects/promptbase-d2908/services/ x-goog-quota-user=projects/promptbase-d2908
[debug] [2025-09-17T06:30:04.376Z] <<< [apiv2][status] POST https://www.googleapis.com/oauth2/v3/token 200
[debug] [2025-09-17T06:30:04.376Z] <<< [apiv2][body] POST https://www.googleapis.com/oauth2/v3/token [omitted]
[debug] [2025-09-17T06:30:04.384Z] >>> [apiv2][query] GET https://serviceusage.googleapis.com/v1/projects/promptbase-d2908/services/ [none]
[debug] [2025-09-17T06:30:04.384Z] >>> [apiv2][(partial)header] GET https://serviceusage.googleapis.com/v1/projects/promptbase-d2908/services/ x-goog-quota-user=projects/promptbase-d2908
[debug] [2025-09-17T06:30:04.385Z] <<< [apiv2][status] POST https://www.googleapis.com/oauth2/v3/token 200
[debug] [2025-09-17T06:30:04.385Z] <<< [apiv2][body] POST https://www.googleapis.com/oauth2/v3/token [omitted]
[debug] [2025-09-17T06:30:04.395Z] >>> [apiv2][query] GET https://serviceusage.googleapis.com/v1/projects/promptbase-d2908/services/firebaseio.com [none]
[debug] [2025-09-17T06:30:04.395Z] >>> [apiv2][(partial)header] GET https://serviceusage.googleapis.com/v1/projects/promptbase-d2908/services/firebaseio.com x-goog-quota-user=projects/promptbase-d2908
[debug] [2025-09-17T06:30:04.446Z] <<< [apiv2][status] POST https://www.googleapis.com/oauth2/v3/token 200
[debug] [2025-09-17T06:30:04.446Z] <<< [apiv2][body] POST https://www.googleapis.com/oauth2/v3/token [omitted]
[debug] [2025-09-17T06:30:04.455Z] >>> [apiv2][query] GET https://serviceusage.googleapis.com/v1/projects/promptbase-d2908/services/firebaseapphosting.googleapis.com [none]
[debug] [2025-09-17T06:30:04.455Z] >>> [apiv2][(partial)header] GET https://serviceusage.googleapis.com/v1/projects/promptbase-d2908/services/firebaseapphosting.googleapis.com x-goog-quota-user=projects/promptbase-d2908
[debug] [2025-09-17T06:30:05.192Z] <<< [apiv2][status] POST https://www.googleapis.com/oauth2/v3/token 200
[debug] [2025-09-17T06:30:05.192Z] <<< [apiv2][body] POST https://www.googleapis.com/oauth2/v3/token [omitted]
[debug] [2025-09-17T06:30:05.203Z] >>> [apiv2][query] GET https://serviceusage.googleapis.com/v1/projects/promptbase-d2908/services/firebasecrashlytics.googleapis.com [none]
[debug] [2025-09-17T06:30:05.203Z] >>> [apiv2][(partial)header] GET https://serviceusage.googleapis.com/v1/projects/promptbase-d2908/services/firebasecrashlytics.googleapis.com x-goog-quota-user=projects/promptbase-d2908
[debug] [2025-09-17T06:30:06.093Z] <<< [apiv2][status] GET https://serviceusage.googleapis.com/v1/projects/promptbase-d2908/services/firebaseio.com 403
[debug] [2025-09-17T06:30:06.094Z] <<< [apiv2][body] GET https://serviceusage.googleapis.com/v1/projects/promptbase-d2908/services/firebaseio.com [omitted]
[debug] [2025-09-17T06:30:06.173Z] <<< [apiv2][status] GET https://serviceusage.googleapis.com/v1/projects/promptbase-d2908/services/firebasedataconnect.googleapis.com 200
[debug] [2025-09-17T06:30:06.173Z] <<< [apiv2][body] GET https://serviceusage.googleapis.com/v1/projects/promptbase-d2908/services/firebasedataconnect.googleapis.com [omitted]
[debug] [2025-09-17T06:30:06.181Z] <<< [apiv2][status] GET https://serviceusage.googleapis.com/v1/projects/promptbase-d2908/services/firebaseio.com 403
[debug] [2025-09-17T06:30:06.182Z] <<< [apiv2][body] GET https://serviceusage.googleapis.com/v1/projects/promptbase-d2908/services/firebaseio.com [omitted]
[debug] [2025-09-17T06:30:06.184Z] <<< [apiv2][status] GET https://serviceusage.googleapis.com/v1/projects/promptbase-d2908/services/firebasecrashlytics.googleapis.com 200
[debug] [2025-09-17T06:30:06.185Z] <<< [apiv2][body] GET https://serviceusage.googleapis.com/v1/projects/promptbase-d2908/services/firebasecrashlytics.googleapis.com [omitted]
[debug] [2025-09-17T06:30:06.203Z] <<< [apiv2][status] GET https://serviceusage.googleapis.com/v1/projects/promptbase-d2908/services/firebaseapphosting.googleapis.com 200
[debug] [2025-09-17T06:30:06.203Z] <<< [apiv2][body] GET https://serviceusage.googleapis.com/v1/projects/promptbase-d2908/services/firebaseapphosting.googleapis.com [omitted]
[debug] [2025-09-17T06:30:06.236Z] <<< [apiv2][status] GET https://serviceusage.googleapis.com/v1/projects/promptbase-d2908/services/firebasedataconnect.googleapis.com 200
[debug] [2025-09-17T06:30:06.236Z] <<< [apiv2][body] GET https://serviceusage.googleapis.com/v1/projects/promptbase-d2908/services/firebasedataconnect.googleapis.com [omitted]
[debug] [2025-09-17T06:30:06.259Z] <<< [apiv2][status] GET https://serviceusage.googleapis.com/v1/projects/promptbase-d2908/services/firebaseapphosting.googleapis.com 200
[debug] [2025-09-17T06:30:06.259Z] <<< [apiv2][body] GET https://serviceusage.googleapis.com/v1/projects/promptbase-d2908/services/firebaseapphosting.googleapis.com [omitted]
[debug] [2025-09-17T06:30:06.471Z] <<< [apiv2][status] GET https://serviceusage.googleapis.com/v1/projects/promptbase-d2908/services/ 200
[debug] [2025-09-17T06:30:06.471Z] <<< [apiv2][body] GET https://serviceusage.googleapis.com/v1/projects/promptbase-d2908/services/ [omitted]
[debug] [2025-09-17T06:30:06.474Z] > command requires scopes: ["email","openid","https://www.googleapis.com/auth/cloudplatformprojects.readonly","https://www.googleapis.com/auth/firebase","https://www.googleapis.com/auth/cloud-platform"]
[debug] [2025-09-17T06:30:06.474Z] > authorizing via signed-in user (quadgraphics2021@gmail.com)
[debug] [2025-09-17T06:30:06.475Z] <<< [apiv2][status] GET https://serviceusage.googleapis.com/v1/projects/promptbase-d2908/services/ 200
[debug] [2025-09-17T06:30:06.476Z] <<< [apiv2][body] GET https://serviceusage.googleapis.com/v1/projects/promptbase-d2908/services/ [omitted]
[debug] [2025-09-17T06:30:06.491Z] > command requires scopes: ["email","openid","https://www.googleapis.com/auth/cloudplatformprojects.readonly","https://www.googleapis.com/auth/firebase","https://www.googleapis.com/auth/cloud-platform"]
[debug] [2025-09-17T06:30:06.491Z] > authorizing via signed-in user (quadgraphics2021@gmail.com)
[debug] [2025-09-17T06:30:06.974Z] <<< [apiv2][status] GET https://serviceusage.googleapis.com/v1/projects/promptbase-d2908/services/firebasecrashlytics.googleapis.com 200
[debug] [2025-09-17T06:30:06.974Z] <<< [apiv2][body] GET https://serviceusage.googleapis.com/v1/projects/promptbase-d2908/services/firebasecrashlytics.googleapis.com [omitted]
[debug] [2025-09-17T06:33:03.264Z] Checked if tokens are valid: true, expires at: 1758094204192
[debug] [2025-09-17T06:33:03.265Z] Checked if tokens are valid: true, expires at: 1758094204192
[debug] [2025-09-17T06:33:03.265Z] Checked if tokens are valid: true, expires at: 1758094204192
[debug] [2025-09-17T06:33:03.265Z] Checked if tokens are valid: true, expires at: 1758094204192
[debug] [2025-09-17T06:33:03.265Z] Checked if tokens are valid: true, expires at: 1758094204192
[debug] [2025-09-17T06:33:03.266Z] Checked if tokens are valid: true, expires at: 1758094204192
[debug] [2025-09-17T06:33:03.266Z] Checked if tokens are valid: true, expires at: 1758094204192
[debug] [2025-09-17T06:33:03.266Z] Checked if tokens are valid: true, expires at: 1758094204192
[debug] [2025-09-17T06:33:03.266Z] Checked if tokens are valid: true, expires at: 1758094204192
[debug] [2025-09-17T06:33:03.266Z] Checked if tokens are valid: true, expires at: 1758094204192
[debug] [2025-09-17T06:33:03.266Z] >>> [apiv2][query] GET https://serviceusage.googleapis.com/v1/projects/promptbase-d2908/services/ [none]
[debug] [2025-09-17T06:33:03.266Z] >>> [apiv2][(partial)header] GET https://serviceusage.googleapis.com/v1/projects/promptbase-d2908/services/ x-goog-quota-user=projects/promptbase-d2908
[debug] [2025-09-17T06:33:03.283Z] >>> [apiv2][query] GET https://serviceusage.googleapis.com/v1/projects/promptbase-d2908/services/firebasedataconnect.googleapis.com [none]
[debug] [2025-09-17T06:33:03.283Z] >>> [apiv2][(partial)header] GET https://serviceusage.googleapis.com/v1/projects/promptbase-d2908/services/firebasedataconnect.googleapis.com x-goog-quota-user=projects/promptbase-d2908
[debug] [2025-09-17T06:33:03.284Z] >>> [apiv2][query] GET https://serviceusage.googleapis.com/v1/projects/promptbase-d2908/services/firebasecrashlytics.googleapis.com [none]
[debug] [2025-09-17T06:33:03.284Z] >>> [apiv2][(partial)header] GET https://serviceusage.googleapis.com/v1/projects/promptbase-d2908/services/firebasecrashlytics.googleapis.com x-goog-quota-user=projects/promptbase-d2908
[debug] [2025-09-17T06:33:03.284Z] >>> [apiv2][query] GET https://serviceusage.googleapis.com/v1/projects/promptbase-d2908/services/firebaseapphosting.googleapis.com [none]
[debug] [2025-09-17T06:33:03.284Z] >>> [apiv2][(partial)header] GET https://serviceusage.googleapis.com/v1/projects/promptbase-d2908/services/firebaseapphosting.googleapis.com x-goog-quota-user=projects/promptbase-d2908
[debug] [2025-09-17T06:33:03.285Z] >>> [apiv2][query] GET https://serviceusage.googleapis.com/v1/projects/promptbase-d2908/services/firebaseio.com [none]
[debug] [2025-09-17T06:33:03.285Z] >>> [apiv2][(partial)header] GET https://serviceusage.googleapis.com/v1/projects/promptbase-d2908/services/firebaseio.com x-goog-quota-user=projects/promptbase-d2908
[debug] [2025-09-17T06:33:03.298Z] Checked if tokens are valid: true, expires at: 1758094204192
[debug] [2025-09-17T06:33:03.298Z] Checked if tokens are valid: true, expires at: 1758094204192
[debug] [2025-09-17T06:33:03.298Z] Checked if tokens are valid: true, expires at: 1758094204192
[debug] [2025-09-17T06:33:03.298Z] Checked if tokens are valid: true, expires at: 1758094204192
[debug] [2025-09-17T06:33:03.298Z] Checked if tokens are valid: true, expires at: 1758094204192
[debug] [2025-09-17T06:33:03.298Z] Checked if tokens are valid: true, expires at: 1758094204192
[debug] [2025-09-17T06:33:03.298Z] Checked if tokens are valid: true, expires at: 1758094204192
[debug] [2025-09-17T06:33:03.298Z] Checked if tokens are valid: true, expires at: 1758094204192
[debug] [2025-09-17T06:33:03.298Z] Checked if tokens are valid: true, expires at: 1758094204192
[debug] [2025-09-17T06:33:03.298Z] Checked if tokens are valid: true, expires at: 1758094204192
[debug] [2025-09-17T06:33:03.298Z] >>> [apiv2][query] GET https://serviceusage.googleapis.com/v1/projects/promptbase-d2908/services/ [none]
[debug] [2025-09-17T06:33:03.298Z] >>> [apiv2][(partial)header] GET https://serviceusage.googleapis.com/v1/projects/promptbase-d2908/services/ x-goog-quota-user=projects/promptbase-d2908
[debug] [2025-09-17T06:33:03.298Z] >>> [apiv2][query] GET https://serviceusage.googleapis.com/v1/projects/promptbase-d2908/services/firebasedataconnect.googleapis.com [none]
[debug] [2025-09-17T06:33:03.298Z] >>> [apiv2][(partial)header] GET https://serviceusage.googleapis.com/v1/projects/promptbase-d2908/services/firebasedataconnect.googleapis.com x-goog-quota-user=projects/promptbase-d2908
[debug] [2025-09-17T06:33:03.299Z] >>> [apiv2][query] GET https://serviceusage.googleapis.com/v1/projects/promptbase-d2908/services/firebasecrashlytics.googleapis.com [none]
[debug] [2025-09-17T06:33:03.299Z] >>> [apiv2][(partial)header] GET https://serviceusage.googleapis.com/v1/projects/promptbase-d2908/services/firebasecrashlytics.googleapis.com x-goog-quota-user=projects/promptbase-d2908
[debug] [2025-09-17T06:33:03.300Z] >>> [apiv2][query] GET https://serviceusage.googleapis.com/v1/projects/promptbase-d2908/services/firebaseapphosting.googleapis.com [none]
[debug] [2025-09-17T06:33:03.300Z] >>> [apiv2][(partial)header] GET https://serviceusage.googleapis.com/v1/projects/promptbase-d2908/services/firebaseapphosting.googleapis.com x-goog-quota-user=projects/promptbase-d2908
[debug] [2025-09-17T06:33:03.300Z] >>> [apiv2][query] GET https://serviceusage.googleapis.com/v1/projects/promptbase-d2908/services/firebaseio.com [none]
[debug] [2025-09-17T06:33:03.300Z] >>> [apiv2][(partial)header] GET https://serviceusage.googleapis.com/v1/projects/promptbase-d2908/services/firebaseio.com x-goog-quota-user=projects/promptbase-d2908
[debug] [2025-09-17T06:33:05.028Z] <<< [apiv2][status] GET https://serviceusage.googleapis.com/v1/projects/promptbase-d2908/services/firebaseio.com 403
[debug] [2025-09-17T06:33:05.028Z] <<< [apiv2][body] GET https://serviceusage.googleapis.com/v1/projects/promptbase-d2908/services/firebaseio.com [omitted]
[debug] [2025-09-17T06:33:05.054Z] <<< [apiv2][status] GET https://serviceusage.googleapis.com/v1/projects/promptbase-d2908/services/firebaseio.com 403
[debug] [2025-09-17T06:33:05.054Z] <<< [apiv2][body] GET https://serviceusage.googleapis.com/v1/projects/promptbase-d2908/services/firebaseio.com [omitted]
[debug] [2025-09-17T06:33:05.063Z] <<< [apiv2][status] GET https://serviceusage.googleapis.com/v1/projects/promptbase-d2908/services/firebaseapphosting.googleapis.com 200
[debug] [2025-09-17T06:33:05.064Z] <<< [apiv2][body] GET https://serviceusage.googleapis.com/v1/projects/promptbase-d2908/services/firebaseapphosting.googleapis.com [omitted]
[debug] [2025-09-17T06:33:05.065Z] <<< [apiv2][status] GET https://serviceusage.googleapis.com/v1/projects/promptbase-d2908/services/firebasedataconnect.googleapis.com 200
[debug] [2025-09-17T06:33:05.065Z] <<< [apiv2][body] GET https://serviceusage.googleapis.com/v1/projects/promptbase-d2908/services/firebasedataconnect.googleapis.com [omitted]
[debug] [2025-09-17T06:33:05.066Z] <<< [apiv2][status] GET https://serviceusage.googleapis.com/v1/projects/promptbase-d2908/services/firebasecrashlytics.googleapis.com 200
[debug] [2025-09-17T06:33:05.066Z] <<< [apiv2][body] GET https://serviceusage.googleapis.com/v1/projects/promptbase-d2908/services/firebasecrashlytics.googleapis.com [omitted]
[debug] [2025-09-17T06:33:05.071Z] <<< [apiv2][status] GET https://serviceusage.googleapis.com/v1/projects/promptbase-d2908/services/firebasedataconnect.googleapis.com 200
[debug] [2025-09-17T06:33:05.071Z] <<< [apiv2][body] GET https://serviceusage.googleapis.com/v1/projects/promptbase-d2908/services/firebasedataconnect.googleapis.com [omitted]
[debug] [2025-09-17T06:33:05.077Z] <<< [apiv2][status] GET https://serviceusage.googleapis.com/v1/projects/promptbase-d2908/services/firebaseapphosting.googleapis.com 200
[debug] [2025-09-17T06:33:05.077Z] <<< [apiv2][body] GET https://serviceusage.googleapis.com/v1/projects/promptbase-d2908/services/firebaseapphosting.googleapis.com [omitted]
[debug] [2025-09-17T06:33:05.111Z] <<< [apiv2][status] GET https://serviceusage.googleapis.com/v1/projects/promptbase-d2908/services/firebasecrashlytics.googleapis.com 200
[debug] [2025-09-17T06:33:05.111Z] <<< [apiv2][body] GET https://serviceusage.googleapis.com/v1/projects/promptbase-d2908/services/firebasecrashlytics.googleapis.com [omitted]
[debug] [2025-09-17T06:33:05.310Z] <<< [apiv2][status] GET https://serviceusage.googleapis.com/v1/projects/promptbase-d2908/services/ 200
[debug] [2025-09-17T06:33:05.310Z] <<< [apiv2][body] GET https://serviceusage.googleapis.com/v1/projects/promptbase-d2908/services/ [omitted]
[debug] [2025-09-17T06:33:05.378Z] <<< [apiv2][status] GET https://serviceusage.googleapis.com/v1/projects/promptbase-d2908/services/ 200
[debug] [2025-09-17T06:33:05.378Z] <<< [apiv2][body] GET https://serviceusage.googleapis.com/v1/projects/promptbase-d2908/services/ [omitted]
[debug] [2025-09-17T06:33:05.381Z] > command requires scopes: ["email","openid","https://www.googleapis.com/auth/cloudplatformprojects.readonly","https://www.googleapis.com/auth/firebase","https://www.googleapis.com/auth/cloud-platform"]
[debug] [2025-09-17T06:33:05.381Z] > authorizing via signed-in user (quadgraphics2021@gmail.com)
[debug] [2025-09-17T06:33:05.397Z] > command requires scopes: ["email","openid","https://www.googleapis.com/auth/cloudplatformprojects.readonly","https://www.googleapis.com/auth/firebase","https://www.googleapis.com/auth/cloud-platform"]
[debug] [2025-09-17T06:33:05.397Z] > authorizing via signed-in user (quadgraphics2021@gmail.com)
[debug] [2025-09-17T13:40:43.760Z] Checked if tokens are valid: true, expires at: 1758119093754
[debug] [2025-09-17T13:40:43.761Z] Checked if tokens are valid: true, expires at: 1758119093754
[debug] [2025-09-17T13:40:43.762Z] Checked if tokens are valid: true, expires at: 1758119093754
[debug] [2025-09-17T13:40:43.762Z] Checked if tokens are valid: true, expires at: 1758119093754
[debug] [2025-09-17T13:40:43.762Z] Checked if tokens are valid: true, expires at: 1758119093754
[debug] [2025-09-17T13:40:43.762Z] Checked if tokens are valid: true, expires at: 1758119093754
[debug] [2025-09-17T13:40:43.762Z] Checked if tokens are valid: true, expires at: 1758119093754
[debug] [2025-09-17T13:40:43.762Z] Checked if tokens are valid: true, expires at: 1758119093754
[debug] [2025-09-17T13:40:43.762Z] Checked if tokens are valid: true, expires at: 1758119093754
[debug] [2025-09-17T13:40:43.762Z] Checked if tokens are valid: true, expires at: 1758119093754
[debug] [2025-09-17T13:40:43.763Z] >>> [apiv2][query] GET https://serviceusage.googleapis.com/v1/projects/promptbase-d2908/services/ [none]
[debug] [2025-09-17T13:40:43.763Z] >>> [apiv2][(partial)header] GET https://serviceusage.googleapis.com/v1/projects/promptbase-d2908/services/ x-goog-quota-user=projects/promptbase-d2908
[debug] [2025-09-17T13:40:43.779Z] >>> [apiv2][query] GET https://serviceusage.googleapis.com/v1/projects/promptbase-d2908/services/firebasedataconnect.googleapis.com [none]
[debug] [2025-09-17T13:40:43.779Z] >>> [apiv2][(partial)header] GET https://serviceusage.googleapis.com/v1/projects/promptbase-d2908/services/firebasedataconnect.googleapis.com x-goog-quota-user=projects/promptbase-d2908
[debug] [2025-09-17T13:40:43.780Z] >>> [apiv2][query] GET https://serviceusage.googleapis.com/v1/projects/promptbase-d2908/services/firebasecrashlytics.googleapis.com [none]
[debug] [2025-09-17T13:40:43.780Z] >>> [apiv2][(partial)header] GET https://serviceusage.googleapis.com/v1/projects/promptbase-d2908/services/firebasecrashlytics.googleapis.com x-goog-quota-user=projects/promptbase-d2908
[debug] [2025-09-17T13:40:43.780Z] >>> [apiv2][query] GET https://serviceusage.googleapis.com/v1/projects/promptbase-d2908/services/firebaseapphosting.googleapis.com [none]
[debug] [2025-09-17T13:40:43.780Z] >>> [apiv2][(partial)header] GET https://serviceusage.googleapis.com/v1/projects/promptbase-d2908/services/firebaseapphosting.googleapis.com x-goog-quota-user=projects/promptbase-d2908
[debug] [2025-09-17T13:40:43.780Z] >>> [apiv2][query] GET https://serviceusage.googleapis.com/v1/projects/promptbase-d2908/services/firebaseio.com [none]
[debug] [2025-09-17T13:40:43.780Z] >>> [apiv2][(partial)header] GET https://serviceusage.googleapis.com/v1/projects/promptbase-d2908/services/firebaseio.com x-goog-quota-user=projects/promptbase-d2908
[debug] [2025-09-17T13:40:43.793Z] Checked if tokens are valid: true, expires at: 1758119093754
[debug] [2025-09-17T13:40:43.793Z] Checked if tokens are valid: true, expires at: 1758119093754
[debug] [2025-09-17T13:40:43.793Z] Checked if tokens are valid: true, expires at: 1758119093754
[debug] [2025-09-17T13:40:43.793Z] Checked if tokens are valid: true, expires at: 1758119093754
[debug] [2025-09-17T13:40:43.793Z] Checked if tokens are valid: true, expires at: 1758119093754
[debug] [2025-09-17T13:40:43.793Z] Checked if tokens are valid: true, expires at: 1758119093754
[debug] [2025-09-17T13:40:43.793Z] Checked if tokens are valid: true, expires at: 1758119093754
[debug] [2025-09-17T13:40:43.793Z] Checked if tokens are valid: true, expires at: 1758119093754
[debug] [2025-09-17T13:40:43.793Z] Checked if tokens are valid: true, expires at: 1758119093754
[debug] [2025-09-17T13:40:43.793Z] Checked if tokens are valid: true, expires at: 1758119093754
[debug] [2025-09-17T13:40:43.793Z] Checked if tokens are valid: true, expires at: 1758119093754
[debug] [2025-09-17T13:40:43.793Z] Checked if tokens are valid: true, expires at: 1758119093754
[debug] [2025-09-17T13:40:43.793Z] Checked if tokens are valid: true, expires at: 1758119093754
[debug] [2025-09-17T13:40:43.793Z] Checked if tokens are valid: true, expires at: 1758119093754
[debug] [2025-09-17T13:40:43.793Z] Checked if tokens are valid: true, expires at: 1758119093754
[debug] [2025-09-17T13:40:43.793Z] Checked if tokens are valid: true, expires at: 1758119093754
[debug] [2025-09-17T13:40:43.794Z] Checked if tokens are valid: true, expires at: 1758119093754
[debug] [2025-09-17T13:40:43.794Z] Checked if tokens are valid: true, expires at: 1758119093754
[debug] [2025-09-17T13:40:43.794Z] Checked if tokens are valid: true, expires at: 1758119093754
[debug] [2025-09-17T13:40:43.794Z] Checked if tokens are valid: true, expires at: 1758119093754
[debug] [2025-09-17T13:40:43.794Z] >>> [apiv2][query] GET https://serviceusage.googleapis.com/v1/projects/promptbase-d2908/services/ [none]
[debug] [2025-09-17T13:40:43.794Z] >>> [apiv2][(partial)header] GET https://serviceusage.googleapis.com/v1/projects/promptbase-d2908/services/ x-goog-quota-user=projects/promptbase-d2908
[debug] [2025-09-17T13:40:43.794Z] >>> [apiv2][query] GET https://serviceusage.googleapis.com/v1/projects/promptbase-d2908/services/firebasedataconnect.googleapis.com [none]
[debug] [2025-09-17T13:40:43.794Z] >>> [apiv2][(partial)header] GET https://serviceusage.googleapis.com/v1/projects/promptbase-d2908/services/firebasedataconnect.googleapis.com x-goog-quota-user=projects/promptbase-d2908
[debug] [2025-09-17T13:40:43.794Z] >>> [apiv2][query] GET https://serviceusage.googleapis.com/v1/projects/promptbase-d2908/services/firebasecrashlytics.googleapis.com [none]
[debug] [2025-09-17T13:40:43.794Z] >>> [apiv2][(partial)header] GET https://serviceusage.googleapis.com/v1/projects/promptbase-d2908/services/firebasecrashlytics.googleapis.com x-goog-quota-user=projects/promptbase-d2908
[debug] [2025-09-17T13:40:43.795Z] >>> [apiv2][query] GET https://serviceusage.googleapis.com/v1/projects/promptbase-d2908/services/firebaseapphosting.googleapis.com [none]
[debug] [2025-09-17T13:40:43.795Z] >>> [apiv2][(partial)header] GET https://serviceusage.googleapis.com/v1/projects/promptbase-d2908/services/firebaseapphosting.googleapis.com x-goog-quota-user=projects/promptbase-d2908
[debug] [2025-09-17T13:40:43.796Z] >>> [apiv2][query] GET https://serviceusage.googleapis.com/v1/projects/promptbase-d2908/services/firebaseio.com [none]
[debug] [2025-09-17T13:40:43.796Z] >>> [apiv2][(partial)header] GET https://serviceusage.googleapis.com/v1/projects/promptbase-d2908/services/firebaseio.com x-goog-quota-user=projects/promptbase-d2908
[debug] [2025-09-17T13:40:43.796Z] >>> [apiv2][query] GET https://serviceusage.googleapis.com/v1/projects/promptbase-d2908/services/ [none]
[debug] [2025-09-17T13:40:43.796Z] >>> [apiv2][(partial)header] GET https://serviceusage.googleapis.com/v1/projects/promptbase-d2908/services/ x-goog-quota-user=projects/promptbase-d2908
[debug] [2025-09-17T13:40:43.796Z] >>> [apiv2][query] GET https://serviceusage.googleapis.com/v1/projects/promptbase-d2908/services/firebasedataconnect.googleapis.com [none]
[debug] [2025-09-17T13:40:43.796Z] >>> [apiv2][(partial)header] GET https://serviceusage.googleapis.com/v1/projects/promptbase-d2908/services/firebasedataconnect.googleapis.com x-goog-quota-user=projects/promptbase-d2908
[debug] [2025-09-17T13:40:43.796Z] >>> [apiv2][query] GET https://serviceusage.googleapis.com/v1/projects/promptbase-d2908/services/firebasecrashlytics.googleapis.com [none]
[debug] [2025-09-17T13:40:43.796Z] >>> [apiv2][(partial)header] GET https://serviceusage.googleapis.com/v1/projects/promptbase-d2908/services/firebasecrashlytics.googleapis.com x-goog-quota-user=projects/promptbase-d2908
[debug] [2025-09-17T13:40:43.796Z] >>> [apiv2][query] GET https://serviceusage.googleapis.com/v1/projects/promptbase-d2908/services/firebaseapphosting.googleapis.com [none]
[debug] [2025-09-17T13:40:43.796Z] >>> [apiv2][(partial)header] GET https://serviceusage.googleapis.com/v1/projects/promptbase-d2908/services/firebaseapphosting.googleapis.com x-goog-quota-user=projects/promptbase-d2908
[debug] [2025-09-17T13:40:43.797Z] >>> [apiv2][query] GET https://serviceusage.googleapis.com/v1/projects/promptbase-d2908/services/firebaseio.com [none]
[debug] [2025-09-17T13:40:43.797Z] >>> [apiv2][(partial)header] GET https://serviceusage.googleapis.com/v1/projects/promptbase-d2908/services/firebaseio.com x-goog-quota-user=projects/promptbase-d2908
[debug] [2025-09-17T13:40:44.733Z] <<< [apiv2][status] GET https://serviceusage.googleapis.com/v1/projects/promptbase-d2908/services/ 200
[debug] [2025-09-17T13:40:44.733Z] <<< [apiv2][body] GET https://serviceusage.googleapis.com/v1/projects/promptbase-d2908/services/ [omitted]
[debug] [2025-09-17T13:40:45.592Z] <<< [apiv2][status] GET https://serviceusage.googleapis.com/v1/projects/promptbase-d2908/services/firebaseio.com 403
[debug] [2025-09-17T13:40:45.592Z] <<< [apiv2][body] GET https://serviceusage.googleapis.com/v1/projects/promptbase-d2908/services/firebaseio.com [omitted]
[debug] [2025-09-17T13:40:45.626Z] <<< [apiv2][status] GET https://serviceusage.googleapis.com/v1/projects/promptbase-d2908/services/firebaseapphosting.googleapis.com 200
[debug] [2025-09-17T13:40:45.626Z] <<< [apiv2][body] GET https://serviceusage.googleapis.com/v1/projects/promptbase-d2908/services/firebaseapphosting.googleapis.com [omitted]
[debug] [2025-09-17T13:40:45.630Z] <<< [apiv2][status] GET https://serviceusage.googleapis.com/v1/projects/promptbase-d2908/services/firebaseio.com 403
[debug] [2025-09-17T13:40:45.630Z] <<< [apiv2][body] GET https://serviceusage.googleapis.com/v1/projects/promptbase-d2908/services/firebaseio.com [omitted]
[debug] [2025-09-17T13:40:45.647Z] <<< [apiv2][status] GET https://serviceusage.googleapis.com/v1/projects/promptbase-d2908/services/firebasecrashlytics.googleapis.com 200
[debug] [2025-09-17T13:40:45.647Z] <<< [apiv2][body] GET https://serviceusage.googleapis.com/v1/projects/promptbase-d2908/services/firebasecrashlytics.googleapis.com [omitted]
[debug] [2025-09-17T13:40:45.647Z] <<< [apiv2][status] GET https://serviceusage.googleapis.com/v1/projects/promptbase-d2908/services/firebasecrashlytics.googleapis.com 200
[debug] [2025-09-17T13:40:45.647Z] <<< [apiv2][body] GET https://serviceusage.googleapis.com/v1/projects/promptbase-d2908/services/firebasecrashlytics.googleapis.com [omitted]
[debug] [2025-09-17T13:40:45.649Z] <<< [apiv2][status] GET https://serviceusage.googleapis.com/v1/projects/promptbase-d2908/services/firebasecrashlytics.googleapis.com 200
[debug] [2025-09-17T13:40:45.649Z] <<< [apiv2][body] GET https://serviceusage.googleapis.com/v1/projects/promptbase-d2908/services/firebasecrashlytics.googleapis.com [omitted]
[debug] [2025-09-17T13:40:45.652Z] <<< [apiv2][status] GET https://serviceusage.googleapis.com/v1/projects/promptbase-d2908/services/firebasedataconnect.googleapis.com 200
[debug] [2025-09-17T13:40:45.652Z] <<< [apiv2][body] GET https://serviceusage.googleapis.com/v1/projects/promptbase-d2908/services/firebasedataconnect.googleapis.com [omitted]
[debug] [2025-09-17T13:40:45.652Z] <<< [apiv2][status] GET https://serviceusage.googleapis.com/v1/projects/promptbase-d2908/services/firebaseapphosting.googleapis.com 200
[debug] [2025-09-17T13:40:45.653Z] <<< [apiv2][body] GET https://serviceusage.googleapis.com/v1/projects/promptbase-d2908/services/firebaseapphosting.googleapis.com [omitted]
[debug] [2025-09-17T13:40:45.653Z] <<< [apiv2][status] GET https://serviceusage.googleapis.com/v1/projects/promptbase-d2908/services/firebasedataconnect.googleapis.com 200
[debug] [2025-09-17T13:40:45.653Z] <<< [apiv2][body] GET https://serviceusage.googleapis.com/v1/projects/promptbase-d2908/services/firebasedataconnect.googleapis.com [omitted]
[debug] [2025-09-17T13:40:45.664Z] <<< [apiv2][status] GET https://serviceusage.googleapis.com/v1/projects/promptbase-d2908/services/firebasedataconnect.googleapis.com 200
[debug] [2025-09-17T13:40:45.664Z] <<< [apiv2][body] GET https://serviceusage.googleapis.com/v1/projects/promptbase-d2908/services/firebasedataconnect.googleapis.com [omitted]
[debug] [2025-09-17T13:40:45.677Z] > command requires scopes: ["email","openid","https://www.googleapis.com/auth/cloudplatformprojects.readonly","https://www.googleapis.com/auth/firebase","https://www.googleapis.com/auth/cloud-platform"]
[debug] [2025-09-17T13:40:45.677Z] > authorizing via signed-in user (quadgraphics2021@gmail.com)
[debug] [2025-09-17T13:40:45.687Z] <<< [apiv2][status] GET https://serviceusage.googleapis.com/v1/projects/promptbase-d2908/services/firebaseio.com 403
[debug] [2025-09-17T13:40:45.687Z] <<< [apiv2][body] GET https://serviceusage.googleapis.com/v1/projects/promptbase-d2908/services/firebaseio.com [omitted]
[debug] [2025-09-17T13:40:45.839Z] <<< [apiv2][status] GET https://serviceusage.googleapis.com/v1/projects/promptbase-d2908/services/firebaseapphosting.googleapis.com 200
[debug] [2025-09-17T13:40:45.839Z] <<< [apiv2][body] GET https://serviceusage.googleapis.com/v1/projects/promptbase-d2908/services/firebaseapphosting.googleapis.com [omitted]
[debug] [2025-09-17T13:40:45.924Z] <<< [apiv2][status] GET https://serviceusage.googleapis.com/v1/projects/promptbase-d2908/services/ 200
[debug] [2025-09-17T13:40:45.924Z] <<< [apiv2][body] GET https://serviceusage.googleapis.com/v1/projects/promptbase-d2908/services/ [omitted]
[debug] [2025-09-17T13:40:45.942Z] <<< [apiv2][status] GET https://serviceusage.googleapis.com/v1/projects/promptbase-d2908/services/ 200
[debug] [2025-09-17T13:40:45.942Z] <<< [apiv2][body] GET https://serviceusage.googleapis.com/v1/projects/promptbase-d2908/services/ [omitted]
[debug] [2025-09-17T13:40:45.946Z] > command requires scopes: ["email","openid","https://www.googleapis.com/auth/cloudplatformprojects.readonly","https://www.googleapis.com/auth/firebase","https://www.googleapis.com/auth/cloud-platform"]
[debug] [2025-09-17T13:40:45.947Z] > authorizing via signed-in user (quadgraphics2021@gmail.com)
[debug] [2025-09-17T13:52:57.441Z] Checked if tokens are valid: true, expires at: 1758119093754
[debug] [2025-09-17T13:52:57.442Z] Checked if tokens are valid: true, expires at: 1758119093754
[debug] [2025-09-17T13:52:57.442Z] Checked if tokens are valid: true, expires at: 1758119093754
[debug] [2025-09-17T13:52:57.442Z] Checked if tokens are valid: true, expires at: 1758119093754
[debug] [2025-09-17T13:52:57.443Z] Checked if tokens are valid: true, expires at: 1758119093754
[debug] [2025-09-17T13:52:57.443Z] Checked if tokens are valid: true, expires at: 1758119093754
[debug] [2025-09-17T13:52:57.443Z] Checked if tokens are valid: true, expires at: 1758119093754
[debug] [2025-09-17T13:52:57.443Z] Checked if tokens are valid: true, expires at: 1758119093754
[debug] [2025-09-17T13:52:57.443Z] Checked if tokens are valid: true, expires at: 1758119093754
[debug] [2025-09-17T13:52:57.444Z] Checked if tokens are valid: true, expires at: 1758119093754
[debug] [2025-09-17T13:52:57.444Z] >>> [apiv2][query] GET https://serviceusage.googleapis.com/v1/projects/promptbase-d2908/services/ [none]
[debug] [2025-09-17T13:52:57.444Z] >>> [apiv2][(partial)header] GET https://serviceusage.googleapis.com/v1/projects/promptbase-d2908/services/ x-goog-quota-user=projects/promptbase-d2908
[debug] [2025-09-17T13:52:57.461Z] >>> [apiv2][query] GET https://serviceusage.googleapis.com/v1/projects/promptbase-d2908/services/firebasedataconnect.googleapis.com [none]
[debug] [2025-09-17T13:52:57.461Z] >>> [apiv2][(partial)header] GET https://serviceusage.googleapis.com/v1/projects/promptbase-d2908/services/firebasedataconnect.googleapis.com x-goog-quota-user=projects/promptbase-d2908
[debug] [2025-09-17T13:52:57.462Z] >>> [apiv2][query] GET https://serviceusage.googleapis.com/v1/projects/promptbase-d2908/services/firebasecrashlytics.googleapis.com [none]
[debug] [2025-09-17T13:52:57.462Z] >>> [apiv2][(partial)header] GET https://serviceusage.googleapis.com/v1/projects/promptbase-d2908/services/firebasecrashlytics.googleapis.com x-goog-quota-user=projects/promptbase-d2908
[debug] [2025-09-17T13:52:57.462Z] >>> [apiv2][query] GET https://serviceusage.googleapis.com/v1/projects/promptbase-d2908/services/firebaseapphosting.googleapis.com [none]
[debug] [2025-09-17T13:52:57.462Z] >>> [apiv2][(partial)header] GET https://serviceusage.googleapis.com/v1/projects/promptbase-d2908/services/firebaseapphosting.googleapis.com x-goog-quota-user=projects/promptbase-d2908
[debug] [2025-09-17T13:52:57.462Z] >>> [apiv2][query] GET https://serviceusage.googleapis.com/v1/projects/promptbase-d2908/services/firebaseio.com [none]
[debug] [2025-09-17T13:52:57.462Z] >>> [apiv2][(partial)header] GET https://serviceusage.googleapis.com/v1/projects/promptbase-d2908/services/firebaseio.com x-goog-quota-user=projects/promptbase-d2908
[debug] [2025-09-17T13:52:57.471Z] Checked if tokens are valid: true, expires at: 1758119093754
[debug] [2025-09-17T13:52:57.471Z] Checked if tokens are valid: true, expires at: 1758119093754
[debug] [2025-09-17T13:52:57.471Z] Checked if tokens are valid: true, expires at: 1758119093754
[debug] [2025-09-17T13:52:57.471Z] Checked if tokens are valid: true, expires at: 1758119093754
[debug] [2025-09-17T13:52:57.471Z] Checked if tokens are valid: true, expires at: 1758119093754
[debug] [2025-09-17T13:52:57.471Z] Checked if tokens are valid: true, expires at: 1758119093754
[debug] [2025-09-17T13:52:57.471Z] Checked if tokens are valid: true, expires at: 1758119093754
[debug] [2025-09-17T13:52:57.471Z] Checked if tokens are valid: true, expires at: 1758119093754
[debug] [2025-09-17T13:52:57.471Z] Checked if tokens are valid: true, expires at: 1758119093754
[debug] [2025-09-17T13:52:57.471Z] Checked if tokens are valid: true, expires at: 1758119093754
[debug] [2025-09-17T13:52:57.472Z] Checked if tokens are valid: true, expires at: 1758119093754
[debug] [2025-09-17T13:52:57.472Z] Checked if tokens are valid: true, expires at: 1758119093754
[debug] [2025-09-17T13:52:57.472Z] Checked if tokens are valid: true, expires at: 1758119093754
[debug] [2025-09-17T13:52:57.472Z] Checked if tokens are valid: true, expires at: 1758119093754
[debug] [2025-09-17T13:52:57.472Z] Checked if tokens are valid: true, expires at: 1758119093754
[debug] [2025-09-17T13:52:57.472Z] Checked if tokens are valid: true, expires at: 1758119093754
[debug] [2025-09-17T13:52:57.472Z] Checked if tokens are valid: true, expires at: 1758119093754
[debug] [2025-09-17T13:52:57.472Z] Checked if tokens are valid: true, expires at: 1758119093754
[debug] [2025-09-17T13:52:57.472Z] Checked if tokens are valid: true, expires at: 1758119093754
[debug] [2025-09-17T13:52:57.472Z] Checked if tokens are valid: true, expires at: 1758119093754
[debug] [2025-09-17T13:52:57.472Z] >>> [apiv2][query] GET https://serviceusage.googleapis.com/v1/projects/promptbase-d2908/services/ [none]
[debug] [2025-09-17T13:52:57.472Z] >>> [apiv2][(partial)header] GET https://serviceusage.googleapis.com/v1/projects/promptbase-d2908/services/ x-goog-quota-user=projects/promptbase-d2908
[debug] [2025-09-17T13:52:57.472Z] >>> [apiv2][query] GET https://serviceusage.googleapis.com/v1/projects/promptbase-d2908/services/firebasedataconnect.googleapis.com [none]
[debug] [2025-09-17T13:52:57.472Z] >>> [apiv2][(partial)header] GET https://serviceusage.googleapis.com/v1/projects/promptbase-d2908/services/firebasedataconnect.googleapis.com x-goog-quota-user=projects/promptbase-d2908
[debug] [2025-09-17T13:52:57.472Z] >>> [apiv2][query] GET https://serviceusage.googleapis.com/v1/projects/promptbase-d2908/services/firebasecrashlytics.googleapis.com [none]
[debug] [2025-09-17T13:52:57.473Z] >>> [apiv2][(partial)header] GET https://serviceusage.googleapis.com/v1/projects/promptbase-d2908/services/firebasecrashlytics.googleapis.com x-goog-quota-user=projects/promptbase-d2908
[debug] [2025-09-17T13:52:57.473Z] >>> [apiv2][query] GET https://serviceusage.googleapis.com/v1/projects/promptbase-d2908/services/firebaseapphosting.googleapis.com [none]
[debug] [2025-09-17T13:52:57.473Z] >>> [apiv2][(partial)header] GET https://serviceusage.googleapis.com/v1/projects/promptbase-d2908/services/firebaseapphosting.googleapis.com x-goog-quota-user=projects/promptbase-d2908
[debug] [2025-09-17T13:52:57.474Z] >>> [apiv2][query] GET https://serviceusage.googleapis.com/v1/projects/promptbase-d2908/services/firebaseio.com [none]
[debug] [2025-09-17T13:52:57.474Z] >>> [apiv2][(partial)header] GET https://serviceusage.googleapis.com/v1/projects/promptbase-d2908/services/firebaseio.com x-goog-quota-user=projects/promptbase-d2908
[debug] [2025-09-17T13:52:57.474Z] >>> [apiv2][query] GET https://serviceusage.googleapis.com/v1/projects/promptbase-d2908/services/ [none]
[debug] [2025-09-17T13:52:57.474Z] >>> [apiv2][(partial)header] GET https://serviceusage.googleapis.com/v1/projects/promptbase-d2908/services/ x-goog-quota-user=projects/promptbase-d2908
[debug] [2025-09-17T13:52:57.474Z] >>> [apiv2][query] GET https://serviceusage.googleapis.com/v1/projects/promptbase-d2908/services/firebasedataconnect.googleapis.com [none]
[debug] [2025-09-17T13:52:57.474Z] >>> [apiv2][(partial)header] GET https://serviceusage.googleapis.com/v1/projects/promptbase-d2908/services/firebasedataconnect.googleapis.com x-goog-quota-user=projects/promptbase-d2908
[debug] [2025-09-17T13:52:57.474Z] >>> [apiv2][query] GET https://serviceusage.googleapis.com/v1/projects/promptbase-d2908/services/firebasecrashlytics.googleapis.com [none]
[debug] [2025-09-17T13:52:57.474Z] >>> [apiv2][(partial)header] GET https://serviceusage.googleapis.com/v1/projects/promptbase-d2908/services/firebasecrashlytics.googleapis.com x-goog-quota-user=projects/promptbase-d2908
[debug] [2025-09-17T13:52:57.475Z] >>> [apiv2][query] GET https://serviceusage.googleapis.com/v1/projects/promptbase-d2908/services/firebaseapphosting.googleapis.com [none]
[debug] [2025-09-17T13:52:57.475Z] >>> [apiv2][(partial)header] GET https://serviceusage.googleapis.com/v1/projects/promptbase-d2908/services/firebaseapphosting.googleapis.com x-goog-quota-user=projects/promptbase-d2908
[debug] [2025-09-17T13:52:57.475Z] >>> [apiv2][query] GET https://serviceusage.googleapis.com/v1/projects/promptbase-d2908/services/firebaseio.com [none]
[debug] [2025-09-17T13:52:57.475Z] >>> [apiv2][(partial)header] GET https://serviceusage.googleapis.com/v1/projects/promptbase-d2908/services/firebaseio.com x-goog-quota-user=projects/promptbase-d2908
[debug] [2025-09-17T13:52:59.150Z] <<< [apiv2][status] GET https://serviceusage.googleapis.com/v1/projects/promptbase-d2908/services/firebaseio.com 403
[debug] [2025-09-17T13:52:59.150Z] <<< [apiv2][body] GET https://serviceusage.googleapis.com/v1/projects/promptbase-d2908/services/firebaseio.com [omitted]
[debug] [2025-09-17T13:52:59.195Z] <<< [apiv2][status] GET https://serviceusage.googleapis.com/v1/projects/promptbase-d2908/services/firebaseio.com 403
[debug] [2025-09-17T13:52:59.195Z] <<< [apiv2][body] GET https://serviceusage.googleapis.com/v1/projects/promptbase-d2908/services/firebaseio.com [omitted]
[debug] [2025-09-17T13:52:59.206Z] <<< [apiv2][status] GET https://serviceusage.googleapis.com/v1/projects/promptbase-d2908/services/firebaseio.com 403
[debug] [2025-09-17T13:52:59.206Z] <<< [apiv2][body] GET https://serviceusage.googleapis.com/v1/projects/promptbase-d2908/services/firebaseio.com [omitted]
[debug] [2025-09-17T13:52:59.277Z] <<< [apiv2][status] GET https://serviceusage.googleapis.com/v1/projects/promptbase-d2908/services/ 200
[debug] [2025-09-17T13:52:59.277Z] <<< [apiv2][body] GET https://serviceusage.googleapis.com/v1/projects/promptbase-d2908/services/ [omitted]
[debug] [2025-09-17T13:52:59.349Z] <<< [apiv2][status] GET https://serviceusage.googleapis.com/v1/projects/promptbase-d2908/services/firebasecrashlytics.googleapis.com 200
[debug] [2025-09-17T13:52:59.349Z] <<< [apiv2][body] GET https://serviceusage.googleapis.com/v1/projects/promptbase-d2908/services/firebasecrashlytics.googleapis.com [omitted]
[debug] [2025-09-17T13:52:59.350Z] <<< [apiv2][status] GET https://serviceusage.googleapis.com/v1/projects/promptbase-d2908/services/firebaseapphosting.googleapis.com 200
[debug] [2025-09-17T13:52:59.350Z] <<< [apiv2][body] GET https://serviceusage.googleapis.com/v1/projects/promptbase-d2908/services/firebaseapphosting.googleapis.com [omitted]
[debug] [2025-09-17T13:52:59.350Z] <<< [apiv2][status] GET https://serviceusage.googleapis.com/v1/projects/promptbase-d2908/services/firebaseapphosting.googleapis.com 200
[debug] [2025-09-17T13:52:59.350Z] <<< [apiv2][body] GET https://serviceusage.googleapis.com/v1/projects/promptbase-d2908/services/firebaseapphosting.googleapis.com [omitted]
[debug] [2025-09-17T13:52:59.351Z] <<< [apiv2][status] GET https://serviceusage.googleapis.com/v1/projects/promptbase-d2908/services/firebasecrashlytics.googleapis.com 200
[debug] [2025-09-17T13:52:59.351Z] <<< [apiv2][body] GET https://serviceusage.googleapis.com/v1/projects/promptbase-d2908/services/firebasecrashlytics.googleapis.com [omitted]
[debug] [2025-09-17T13:52:59.352Z] <<< [apiv2][status] GET https://serviceusage.googleapis.com/v1/projects/promptbase-d2908/services/firebasedataconnect.googleapis.com 200
[debug] [2025-09-17T13:52:59.352Z] <<< [apiv2][body] GET https://serviceusage.googleapis.com/v1/projects/promptbase-d2908/services/firebasedataconnect.googleapis.com [omitted]
[debug] [2025-09-17T13:52:59.352Z] <<< [apiv2][status] GET https://serviceusage.googleapis.com/v1/projects/promptbase-d2908/services/firebasecrashlytics.googleapis.com 200
[debug] [2025-09-17T13:52:59.352Z] <<< [apiv2][body] GET https://serviceusage.googleapis.com/v1/projects/promptbase-d2908/services/firebasecrashlytics.googleapis.com [omitted]
[debug] [2025-09-17T13:52:59.353Z] <<< [apiv2][status] GET https://serviceusage.googleapis.com/v1/projects/promptbase-d2908/services/firebaseapphosting.googleapis.com 200
[debug] [2025-09-17T13:52:59.353Z] <<< [apiv2][body] GET https://serviceusage.googleapis.com/v1/projects/promptbase-d2908/services/firebaseapphosting.googleapis.com [omitted]
[debug] [2025-09-17T13:52:59.353Z] <<< [apiv2][status] GET https://serviceusage.googleapis.com/v1/projects/promptbase-d2908/services/firebasedataconnect.googleapis.com 200
[debug] [2025-09-17T13:52:59.353Z] <<< [apiv2][body] GET https://serviceusage.googleapis.com/v1/projects/promptbase-d2908/services/firebasedataconnect.googleapis.com [omitted]
[debug] [2025-09-17T13:52:59.353Z] <<< [apiv2][status] GET https://serviceusage.googleapis.com/v1/projects/promptbase-d2908/services/firebasedataconnect.googleapis.com 200
[debug] [2025-09-17T13:52:59.353Z] <<< [apiv2][body] GET https://serviceusage.googleapis.com/v1/projects/promptbase-d2908/services/firebasedataconnect.googleapis.com [omitted]
[debug] [2025-09-17T13:52:59.624Z] <<< [apiv2][status] GET https://serviceusage.googleapis.com/v1/projects/promptbase-d2908/services/ 200
[debug] [2025-09-17T13:52:59.625Z] <<< [apiv2][body] GET https://serviceusage.googleapis.com/v1/projects/promptbase-d2908/services/ [omitted]
[debug] [2025-09-17T13:52:59.638Z] > command requires scopes: ["email","openid","https://www.googleapis.com/auth/cloudplatformprojects.readonly","https://www.googleapis.com/auth/firebase","https://www.googleapis.com/auth/cloud-platform"]
[debug] [2025-09-17T13:52:59.639Z] > authorizing via signed-in user (quadgraphics2021@gmail.com)
[debug] [2025-09-17T13:52:59.652Z] <<< [apiv2][status] GET https://serviceusage.googleapis.com/v1/projects/promptbase-d2908/services/ 200
[debug] [2025-09-17T13:52:59.653Z] <<< [apiv2][body] GET https://serviceusage.googleapis.com/v1/projects/promptbase-d2908/services/ [omitted]
[debug] [2025-09-17T13:52:59.656Z] > command requires scopes: ["email","openid","https://www.googleapis.com/auth/cloudplatformprojects.readonly","https://www.googleapis.com/auth/firebase","https://www.googleapis.com/auth/cloud-platform"]
[debug] [2025-09-17T13:52:59.656Z] > authorizing via signed-in user (quadgraphics2021@gmail.com)
